<?xml version="1.0" encoding="UTF-8"?>
<testsuite name="ComputerRepairRequestTest" tests="2" skipped="0" failures="0" errors="0" timestamp="2025-03-04T08:45:26" hostname="Mihais-MacBook-Air.local" time="0.01">
  <properties/>
  <testcase name="First test" classname="ComputerRepairRequestTest" time="0.007"/>
  <testcase name="Second test" classname="ComputerRepairRequestTest" time="0.0"/>
  <system-out><![CDATA[]]></system-out>
  <system-err><![CDATA[]]></system-err>
</testsuite>
